15722219 18137538 19399049 20154762 20505990 
10476486 10813293 12661956 
10377490 12770327 15450576 15940383 
10213328 13543543 
7559436 
11300483 
9756191 11221337 
10829023 10985168 16189743 20220284 20325625 
11030890 
7934005 
9881245 10624845 11688723 
13412568 15048861 15317709 16804040 17266478 
7084556 11528779 
10968988 11563285 
11728824 11886708 
16385480 
12879698 15997665 17244524 18690924 20076115 
7341709 12477636 12547683 13871136 
8844789 11147074 13728691 
10838894 11691337 15076992 16431334 16807966 
7736588 
9989276 11498428 12796530 13460425 
8635033 9034739 
22910362 23110412 23424833 24478028 24979705 
10169990 14411913 15895467 
9748162 13068418 14466249 16241972 
11719074 11741394 
5299464 
15688850 16144995 16841767 18841160 
6698071 8771816 
10372647 10657309 14278734 14710047 16546010 
9895485 11011297 12732932 12943578 15337378 
15500487 17395518 17785489 19157657 20016258 
11001959 15409842 17996419 18902357 18922883 
12801194 14468852 17902673 
9531915 11599432 13877483 14208124 14528298 
12524539 
12878587 12965550 13674639 13684226 
13099986 
6876505 11524744 11996873 
13420314 13658089 13836304 14641314 
10024111 10107502 12814713 13577761 14089156 
13584902 17213298 
12311676 13970601 
9853649 13041131 14998712 
10367027 13690723 15700872 16362149 
10836063 11918532 12987759 13910149 16369652 
5924580 9857657 16773933 16790097 
6574958 12999634 14110365 14378524 15345141 
7067914 7101615 
5629149 
9732794 18915251 
8371554 8422101 14316199 15205219 
9965136 12487432 
9051002 10943990 13219085 15584009 16535564 
11050116 13137612 14363378 15327040 
2840068 9451709 14938354 
10553096 11633609 
9656397 12045955 13642084 15920283 16022211 
13793088 
10336496 10496049 10959747 11075878 
12560458 13406592 13822681 14259566 
13720373 13738234 13928221 
10131442 12223002 
10210446 11116118 
11633044 
6880656 7809558 
13763718 14403537 
10193107 11406258 
16010413 
7648833 10682170 13113314 16214475 16707966 
10386041 
13417611 14696349 15146140 17373833 
11956861 12600386 
8680149 8998261 9675149 12026617 13867654 
9590779 9870665 10115661 
12639766 13035586 13814122 
7023813 21993597 22326959 22793118 
5353725 10583002 13904475 
26628404 26929383 27009710 
13006972 14586284 16743012 17179365 18091864 
10428401 12322277 12631773 13498652 
10228625 
10129263 10662960 
11887366 14464486 14487846 17371514 19303322 
10227487 
9378833 9637386 10924709 
11646473 
9694632 11424627 11596356 
16523691 17076826 
10583102 15288310 17277696 18577029 19422182 
9346616 
12539891 16243733 
10170335 
7522901 7657214 8409765 
12885520 
7158233 8112114 14121340 15242787 19023712 
12091780 15083466 17201352 
6642040 16422081 16733830 
8619012 9049208 
13290950 13786246 15014831 
6596011 8937331 10971221 14131548 15219269 
11664784 14280908 14603740 14914872 15051232 
7400773 10831619 13354116 
11659329 12614565 
10025777 10991069 12493694 12502623 
10825647 11783120 
7890855 8578922 10582348 11961944 
6368372 10561371 12612083 13857906 14350469 
13243631 14018597 17022821 17907585 
10549771 
19550267 19556785 
6816269 8964292 
11293394 11592331 11626753 11895923 
8978943 
13113048 13554813 14095458 14370700 
8545472 9806170 11512873 
9263303 
6205142 9873129 11912360 12390475 14005313 
9093222 9178047 11194720 11802616 
5534460 15869628 17336529 17917984 18334886 
7574382 13455178 15918780 17987932 21790004 
5503862 10744842 14773992 
8537024 13090532 
10798964 12983272 14384147 
12475559 
10184962 13317121 14673518 
15490238 20179690 
10014351 13259587 14164808 15218430 16909772 
14829069 18375610 
13516467 14325330 14705270 
5870389 
14375563 14605936 
11994634 15861976 16117808 17159132 
9369303 11052607 12104089 13581026 
8472022 11005584 13216279 
13757959 14518347 14690990 15026661 
6361519 11694521 11971753 15762144 17736737 
10459537 11331681 11458225 
9169644 
10444320 
12718024 12808913 16067418 16847869 
9902664 
16606966 16856879 16903982 
9929092 11230796 12463619 
12561190 
11204198 
9270824 9515158 
7047376 
9079096 
7449076 8581807 8884235 
14322810 14752619 
9538688 15426434 16147499 
7954916 10637328 12659810 12837275 
9932484 10769692 11020535 13760956 14188878 
12545985 12589724 16830439 18021145 
11970914 12641157 13874963 
14846915 14862490 17578499 
11923575 13154486 
10664456 14369501 14865567 15500966 
14198716 15453831 
10282332 17044196 17842423 17888017 17910185 
12679842 13350980 14969957 15750610 17273318 
7706563 
14233795 
15024353 
11029822 11969345 
10399080 12345091 13200548 13915511 17104031 
6855444 
14142882 14526909 16402354 16944933 17392737 
9178061 12832445 13211090 16627020 16925428 
12687946 12930608 13475621 16569655 
12790861 14170545 14729450 18548680 
12060549 
12927515 13282984 
11973419 15731379 15907190 17786271 
10101897 12323299 12803589 13043357 
7169146 16572259 17498299 17674589 
10883256 11939187 
12227123 14201264 16997252 
10410481 12834910 
6160324 10991189 12953138 13591485 14165944 
8705517 10283778 13329332 15063041 16614668 
6759154 
10362701 
13224305 
7635435 
6710698 8076780 13139839 13444914 
15330363 15714090 16254683 
8634848 11545964 13150395 
13276834 14284904 14892265 16610124 
11472795 
8140665 8621883 15672178 
9778288 9988023 
13475659 13794412 
8857994 
12374456 
9606410 11178571 11677897 16329203 17199574 
15713543 16388726 17168636 17300031 
9039461 
4310536 8083919 
11290586 
7070786 
8916141 10897802 12405394 13091713 
10861320 11242007 
7852957 12009769 
13163355 15441518 
12835820 13366071 14592435 16258232 
7833963 10482624 10548848 11419029 
6868025 9812689 14372862 
10749452 10899703 
9723670 11710093 14169022 
8050456 11521165 12119417 13998533 
8194033 10084181 10700811 
6998436 7577384 14187578 14684750 
15021915 15423971 18926969 21551908 
5965093 9100187 9618241 12018023 13488997 
4982218 7692298 9739429 12509716 
4314713 7232044 9121487 9306370 
9837289 10505573 13606893 14885457 15039071 
17792357 20063499 
9026692 
12335248 13743781 15612484 
7003805 
14272542 14962919 16128250 17823683 
6802369 
13911865 22878422 23199026 23673559 
9015637 11904331 14205363 15186521 15573712 
9776189 9883406 11938745 15494882 16134990 
15940219 16137695 
10527971 16257560 18159015 
7597247 11122723 14044993 17855406 
10418528 12066104 14422897 16301858 16818550 
9385671 11402320 
15189545 
10869514 11899955 16006546 16903681 17554967 
11579611 
24019729 25067848 25244633 27502992 27689335 
9176017 
6732248 12859583 15776064 16101639 
20549489 20629688 
16637327 18318897 
13578157 13797468 
12222816 20203755 20449897 20563397 21305616 
11674582 12442717 13776016 
10029095 
12731609 15755701 
11018907 11112613 13883188 15893805 16214734 
11242733 13571680 15851749 
15903981 
12022916 13858975 16067341 16432211 17559857 
10477635 10772302 11858361 12993928 13265872 
13774743 14695274 17660904 18026554 
10600802 12916631 
8998366 11135353 15107551 15774614 
9331586 11602537 12901677 
11957549 12523601 13948889 17059014 18203830 
9579408 13058417 13571855 14330653 15245325 
17191108 18332658 20388078 
11207705 
10572008 10968129 
7104275 
9538168 18207262 20615011 20875822 21509238 
10842564 15002236 15121039 
7036848 13334442 14112875 
12362605 14864207 15351060 
11300114 11619641 13264560 13807531 
17088098 22377375 22530980 
5706274 6469838 9757751 10148930 
13903996 16039432 16405577 16796695 16926877 
10668628 13796353 14744395 14750104 
6445823 
7202935 10852815 13212911 
15674070 15746594 16532331 17784818 
12390687 12659549 12839907 15120209 
9608721 15003712 15963177 16506018 
10248141 12563677 16864946 17188853 
10351714 13860353 14943987 15545754 
8163303 8187054 12803947 14540294 
7411035 13574980 15085518 16273131 
11730709 18792421 19543457 19603391 20258334 
10887167 
10660670 15197821 22887645 
9333832 9644755 15222294 15716293 16427641 
10137901 
13072914 15466130 
12120214 12489804 13041137 13187389 13948290 
9358459 10350215 11379813 
10105915 10400751 11084913 
8422637 9092004 10214158 12818983 
7256206 
13423840 13509178 14073922 16636249 
9643136 10169686 
11101043 14334551 14503518 14524823 
9603177 13437425 16800792 17109837 
15515035 15596656 16162902 
10564035 13424701 14244214 14919648 14976620 
12690486 
9301617 12977528 
9718657 9805223 
14541353 15083065 15144415 
9256794 10460799 10801519 
8447604 10734367 
11286241 14332615 18697602 
9387585 14176396 16304739 16374605 
8647209 13500705 15860931 16148423 
7511514 11545815 14718805 
7529524 
7282001 9441617 13417229 20051428 
12341700 12680088 14628279 16527094 
9781689 14517119 16876367 
8680399 10387064 11290111 
11332933 11569232 14232224 15012204 16202568 
9402468 14203566 
9604569 9857391 11116057 
6408096 
9481294 12241392 16182577 16768249 
9154602 13613383 14057282 14226010 14638304 
3377438 12187262 12837492 12964034 14097822 
8635916 8894327 10012238 
11202168 17688336 20996415 
9273730 14230652 15622411 
10524259 10750937 17048522 20457723 
10222580 10817387 11327195 12263906 
9145663 9293189 10921881 11020709 
8893983 18557509 18707198 
22423897 26122358 27029354 27183875 27239244 
7695788 8464927 
6776254 7831736 
5751217 10718437 
10139271 
6251087 8459392 15591022 
11977663 13374996 
15086909 15200697 16549559 19774672 
9887563 11073928 13213877 
11116296 13832113 
8416249 14226117 16447324 18462022 21357458 
10153860 10664608 
11702920 
8680100 12176388 13521060 13734396 14059809 
10188249 
7049501 8083763 10936975 12859599 12990628 
14463716 17649046 
11925052 12968634 15970787 
6211972 8837863 11805257 
12331305 19242466 
14843074 15627273 
15871098 16695607 18932058 
9617893 12355451 17651629 18012080 19321354 
13110315 
9699245 11309607 14584439 14626945 
11154067 12268665 13881877 14349199 
5176269 10845693 13001677 14878014 15582821 
10267687 11136814 11358754 
11403658 11820912 15309425 21511973 
11231970 11448916 13653770 
9098594 12986687 14543145 
16297702 19638518 19867820 22803502 23003323 
6559017 
16575819 17419047 17438815 
10632419 11927181 
9626675 9965577 14609679 
12628448 
10185135 
8713537 19647944 20187073 21316473 
13691972 
6801728 11529354 12523654 13004866 14215300 
9718729 10378218 15160579 15528716 15648781 
18425218 18923225 
10336346 12876953 
12172822 13712297 
10358793 12496704 14259795 16470087 
14259889 
10415126 
11194841 11730902 12633543 
9174417 11457457 11772327 11955566 
7460847 9603194 11617876 15669492 
10977037 11413880 12178191 14216108 
11341523 11788692 12671534 
6680129 13547159 13992901 
15018140 15204932 15664065 17278787 18929373 
11532303 
13725305 14419414 15200129 15863457 
9424757 11348141 14442044 
10446073 
6664465 11343746 12684660 12959799 
9125095 10245999 12040815 
8311940 9982610 10920018 
4869080 7985287 9234465 11426752 
10146642 11785617 14823077 15936947 17418397 
8097233 12710938 13562020 13904509 14017847 
13377537 17889370 18383954 
12658196 14213857 16375858 16833129 17474351 
12673361 14057036 14137245 14221755 
11096238 12580034 
8500855 12621127 13021891 13779082 15206752 
10947437 15729692 20185061 20546623 21166783 
9021729 9439950 12406012 14202741 15681131 
9304319 13355707 14736482 16469399 18185028 
9243065 
10774959 12935451 16019373 17332720 
10857434 11549685 12256930 12363787 
9352377 11535851 
12672720 12752722 15287013 18202103 
12415313 13837503 14992578 18981332 19194669 
8085942 19571871 
11478622 12081484 
15274109 
15908567 
19960844 21841094 22205622 22539486 23444559 
15851461 16214084 16420660 16560122 
11495415 11566378 11684535 12393698 
13167584 14197903 14687721 16818510 
10029713 13489539 
9933507 11428883 13647803 14802554 15233164 
5484280 
16321566 16637400 17548855 17734283 17884708 
11292725 11693099 12674340 13056028 
11257201 11596899 11910959 12363061 
11222166 12926477 
16715258 17870032 18034370 
14960917 
11404069 13748606 
6241485 14217974 15629778 18429160 18653872 
11302476 
12211666 16148795 
9823829 10107477 15724225 17217096 17239365 
10567684 11149784 14098515 
16975526 17521044 18895781 20041718 20504907 
8727738 
16784723 17337687 18560183 
17325268 17565181 19782475 21795171 
17260531 18921678 
14044750 14413146 16526574 18293549 
16429136 18851061 18889543 19665519 
11936194 
12667839 15286234 18060241 18619861 
11290535 11943357 13603146 15108516 
12464957 12515604 13213969 
11611606 12955546 15135123 
11828848 12730920 
10808805 11548191 12556536 16339656 18043266 
8160007 12305058 
14371731 
12603088 14166779 16016140 16818210 
12466021 
12742468 12755772 14568168 14795351 
11971700 12827935 13641506 
8792093 9368414 10544694 
11072141 11917441 
7649942 11012265 11587669 
12377357 13204468 13880963 
9167824 11365841 13634375 14723056 
7338164 
8316381 12990957 13154340 14076278 
10018845 11350976 11919316 12088513 14802934 
12169555 15273097 15976612 17240518 19861673 
10396508 10754048 15550058 15614406 
12469093 
11438310 14893841 17515941 17550033 
7681214 14029852 14919340 17743452 
8649205 10705169 16186440 18229807 19286300 
9282900 13775926 
11917123 
12231014 13476879 16345564 
11988763 14122116 14979440 
13747229 15088508 17430975 18160052 
7645184 9445965 9898535 
13492462 14932686 15060000 
17544776 
9919539 
14773571 20042603 21932996 26333228 
9553564 11160173 13601096 14156873 15244640 
8692257 8993659 10161829 13055465 
11989704 13652006 16904357 17734589 
7633792 10427880 10526799 10696743 
5068804 10808737 
9869545 13375866 13546825 15807276 
8296649 13289937 
8050460 11919541 
12903954 
18461797 
14454367 16180872 16339800 17529003 
8694219 
11299449 11400579 
18269787 20737143 
9519400 11914245 
14681961 15213070 15733609 
12302824 13304521 13438294 13872009 
14049648 16384929 16488912 18561849 18886581 
10588274 
10578119 
4680890 
7960232 14998344 15494943 17359592 
12208200 13479019 
7163631 13918185 
11120079 11845003 
11847932 12276526 13581468 
14926005 16139070 17124543 17747539 18807432 
8988503 10379737 
